[Thu, 04 Apr 2013 08:25:20 -0400]     paso 1 : INICIO 
[Thu, 04 Apr 2013 08:25:20 -0400]     paso 2 : guardar  
[Thu, 04 Apr 2013 08:25:20 -0400]     paso 3 : CORRECTO  
[Thu, 04 Apr 2013 08:25:20 -0400]     paso 4 : RECHAZADO  
[Thu, 04 Apr 2013 08:29:13 -0400]     paso 1 : INICIO 
[Thu, 04 Apr 2013 08:29:13 -0400]     paso 2 : guardar  
[Thu, 04 Apr 2013 08:29:13 -0400]     paso 3 : CORRECTO  
[Thu, 04 Apr 2013 08:29:13 -0400]     paso 4 : ACEPTADO  
[Thu, 04 Apr 2013 08:29:13 -0400]     paso 5 : ACEPTADO  
[Thu, 04 Apr 2013 08:29:13 -0400]     paso 6 : activando   
[Thu, 04 Apr 2013 10:09:00 -0400]     paso 1 : INICIO 
[Thu, 04 Apr 2013 10:09:00 -0400]     paso 2 : guardar  
[Thu, 04 Apr 2013 10:09:00 -0400]     paso 3 : CORRECTO  
[Thu, 04 Apr 2013 10:09:00 -0400]     paso 4 : ACEPTADO  
[Thu, 04 Apr 2013 10:09:00 -0400]     paso 5 : ACEPTADO  
[Thu, 04 Apr 2013 10:09:00 -0400]     paso 6 : activando   
[Thu, 04 Apr 2013 10:27:02 -0400]     paso 1 : INICIO 
[Thu, 04 Apr 2013 10:27:02 -0400]     paso 2 : guardar  
[Thu, 04 Apr 2013 10:27:02 -0400]     paso 3 : CORRECTO  
[Thu, 04 Apr 2013 10:27:02 -0400]     paso 4 : ACEPTADO  
[Thu, 04 Apr 2013 10:27:02 -0400]     paso 5 : ACEPTADO  
[Thu, 04 Apr 2013 10:27:02 -0400]     paso 6 : activando jason  
